Тест 6
Открыл сайт
Ввёл логин и пароль
Нажал кнопку войти
Вошёл в систему
Нажал кнопку меню
Нажал кнопку Сервис
Нажал кнопку Управление разрешениями
Нажал кнопку Группы пользователей
Попал в меню Редактирование групп пользователей
Нажал кнопку Создать новую
Ввёл название группы: 2020.30.10,16.55.24.test_groop
Нажал кнопку сохранить
Ввёл название группы в поле поиска
Нашёл созданную группу
Выделил группу
Нажал кнопку Удалить группу
Нажал кнопку Удалить
Ввёл название группы в поле поиска
Не нашёл созданную группу
Тест 6 пройден
